<?xml version="1.0" encoding="UTF-8"?>
<!-- Generated by org.testng.reporters.JUnitReportReporter -->
<testsuite hostname="LAPTOP-AQNRIHKI" failures="0" tests="1" name="com.learnautomation.testcases.loginTestCRM" time="4.534" errors="0" timestamp="2024-06-11T14:41:52 IST" skipped="0">
  <testcase classname="com.learnautomation.testcases.loginTestCRM" name="loginApp" time="4.534"/>
  <system-out/>
</testsuite> <!-- com.learnautomation.testcases.loginTestCRM -->
